<?xml version="1.0" encoding="UTF-8"?>
<robot generator="Robot 4.1 (Python 3.8.5 on win32)" generated="20210913 09:04:11.116" rpa="false" schemaversion="2">
<suite id="s1" name="Amaz" source="C:\Users\Swati\PycharmProjects\sample\course\amaz.robot">
<test id="s1-t1" name="open browser">
<kw name="Open Browser" library="SeleniumLibrary">
<arg>https://www.amazon.in/</arg>
<arg>chrome</arg>
<doc>Opens a new browser instance to the optional ``url``.</doc>
<msg timestamp="20210913 09:04:11.280" level="INFO">Opening browser 'chrome' to base url 'https://www.amazon.in/'.</msg>
<status status="PASS" starttime="20210913 09:04:11.280" endtime="20210913 09:04:18.768"/>
</kw>
<kw name="Maximize Browser Window" library="SeleniumLibrary">
<doc>Maximizes current browser window.</doc>
<status status="PASS" starttime="20210913 09:04:18.770" endtime="20210913 09:04:18.956"/>
</kw>
<kw name="Wait Until Page Contains" library="SeleniumLibrary">
<arg>Mobiles</arg>
<doc>Waits until ``text`` appears on the current page.</doc>
<status status="PASS" starttime="20210913 09:04:18.956" endtime="20210913 09:04:19.160"/>
</kw>
<kw name="Input Text" library="SeleniumLibrary">
<arg>id=twotabsearchtextbox</arg>
<arg>tshirts</arg>
<doc>Types the given ``text`` into the text field identified by ``locator``.</doc>
<msg timestamp="20210913 09:04:19.163" level="INFO">Typing text 'tshirts' into text field 'id=twotabsearchtextbox'.</msg>
<status status="PASS" starttime="20210913 09:04:19.161" endtime="20210913 09:04:19.454"/>
</kw>
<kw name="Click Button" library="SeleniumLibrary">
<arg>id=nav-search-submit-button</arg>
<doc>Clicks the button identified by ``locator``.</doc>
<msg timestamp="20210913 09:04:19.456" level="INFO">Clicking button 'id=nav-search-submit-button'.</msg>
<status status="PASS" starttime="20210913 09:04:19.455" endtime="20210913 09:04:23.979"/>
</kw>
<kw name="Wait Until Page Contains" library="SeleniumLibrary">
<arg>results for "t-shirts"</arg>
<doc>Waits until ``text`` appears on the current page.</doc>
<status status="PASS" starttime="20210913 09:04:23.979" endtime="20210913 09:04:24.099"/>
</kw>
<kw name="Click Link" library="SeleniumLibrary">
<arg>class:'s-image'</arg>
<doc>Clicks a link identified by ``locator``.</doc>
<msg timestamp="20210913 09:04:24.102" level="INFO">Clicking link 'class:'s-image''.</msg>
<kw name="Capture Page Screenshot" library="SeleniumLibrary">
<doc>Takes a screenshot of the current page and embeds it into a log file.</doc>
<msg timestamp="20210913 09:04:24.634" level="INFO" html="true">&lt;/td&gt;&lt;/tr&gt;&lt;tr&gt;&lt;td colspan="3"&gt;&lt;a href="selenium-screenshot-9.png"&gt;&lt;img src="selenium-screenshot-9.png" width="800px"&gt;&lt;/a&gt;</msg>
<status status="PASS" starttime="20210913 09:04:24.197" endtime="20210913 09:04:24.634"/>
</kw>
<msg timestamp="20210913 09:04:24.643" level="FAIL">InvalidSelectorException: Message: invalid selector: An invalid or illegal selector was specified
  (Session info: chrome=93.0.4577.63)
</msg>
<status status="FAIL" starttime="20210913 09:04:24.101" endtime="20210913 09:04:24.643"/>
</kw>
<kw name="Wait Until Page Contains" library="SeleniumLibrary">
<arg>Back to results</arg>
<doc>Waits until ``text`` appears on the current page.</doc>
<status status="NOT RUN" starttime="20210913 09:04:24.644" endtime="20210913 09:04:24.644"/>
</kw>
<kw name="Click Button" library="SeleniumLibrary">
<arg>name:'submit'</arg>
<doc>Clicks the button identified by ``locator``.</doc>
<status status="NOT RUN" starttime="20210913 09:04:24.645" endtime="20210913 09:04:24.645"/>
</kw>
<status status="FAIL" starttime="20210913 09:04:11.278" endtime="20210913 09:04:24.647">InvalidSelectorException: Message: invalid selector: An invalid or illegal selector was specified
  (Session info: chrome=93.0.4577.63)
</status>
</test>
<status status="FAIL" starttime="20210913 09:04:11.119" endtime="20210913 09:04:24.650"/>
</suite>
<statistics>
<total>
<stat pass="0" fail="1" skip="0">All Tests</stat>
</total>
<tag>
</tag>
<suite>
<stat pass="0" fail="1" skip="0" id="s1" name="Amaz">Amaz</stat>
</suite>
</statistics>
<errors>
</errors>
</robot>
