<?xml version="1.0" encoding="UTF-8"?>
<robot generator="Robot 4.1 (Python 3.8.5 on win32)" generated="20210913 15:58:28.072" rpa="false" schemaversion="2">
<suite id="s1" name="Builtin" source="C:\Users\Swati\PycharmProjects\sample\libraries_Demo\builtin.robot">
<test id="s1-t1" name="Declare and set variables">
<kw name="Set Variable" library="BuiltIn">
<var>${some_test_data}</var>
<arg>This is only available within this test</arg>
<doc>Returns the given values which can then be assigned to a variables.</doc>
<msg timestamp="20210913 15:58:28.257" level="INFO">${some_test_data} = This is only available within this test</msg>
<status status="PASS" starttime="20210913 15:58:28.257" endtime="20210913 15:58:28.257"/>
</kw>
<kw name="Set Test Variable" library="BuiltIn">
<arg>${more_test_data}</arg>
<arg>This is also only available within this test</arg>
<doc>Makes a variable available everywhere within the scope of the current test.</doc>
<msg timestamp="20210913 15:58:28.258" level="INFO">${more_test_data} = This is also only available within this test</msg>
<status status="PASS" starttime="20210913 15:58:28.257" endtime="20210913 15:58:28.258"/>
</kw>
<kw name="Set Suite Variable" library="BuiltIn">
<arg>${some_suite_data}</arg>
<arg>This is available within all tests in this suite</arg>
<doc>Makes a variable available everywhere within the scope of the current suite.</doc>
<msg timestamp="20210913 15:58:28.259" level="INFO">${some_suite_data} = This is available within all tests in this suite</msg>
<status status="PASS" starttime="20210913 15:58:28.258" endtime="20210913 15:58:28.259"/>
</kw>
<kw name="Set Global Variable" library="BuiltIn">
<arg>${SOME_GLOBAL_DATA}</arg>
<arg>This available everywhere</arg>
<doc>Makes a variable available globally in all tests and suites.</doc>
<msg timestamp="20210913 15:58:28.260" level="INFO">${SOME_GLOBAL_DATA} = This available everywhere</msg>
<status status="PASS" starttime="20210913 15:58:28.259" endtime="20210913 15:58:28.260"/>
</kw>
<status status="PASS" starttime="20210913 15:58:28.256" endtime="20210913 15:58:28.260"/>
</test>
<test id="s1-t2" name="Logging stuff">
<kw name="Comment" library="BuiltIn">
<arg>${unset_variable}</arg>
<doc>Displays the given messages in the log file as keyword arguments.</doc>
<status status="PASS" starttime="20210913 15:58:28.260" endtime="20210913 15:58:28.261"/>
</kw>
<kw name="Comment" library="BuiltIn">
<arg>Just a random comment</arg>
<doc>Displays the given messages in the log file as keyword arguments.</doc>
<status status="PASS" starttime="20210913 15:58:28.262" endtime="20210913 15:58:28.262"/>
</kw>
<kw name="Comment" library="BuiltIn">
<arg>${GLOBAL1}</arg>
<doc>Displays the given messages in the log file as keyword arguments.</doc>
<status status="PASS" starttime="20210913 15:58:28.262" endtime="20210913 15:58:28.262"/>
</kw>
<kw name="Log" library="BuiltIn">
<arg>I have something to say</arg>
<doc>Logs the given message with the given level.</doc>
<msg timestamp="20210913 15:58:28.262" level="INFO">I have something to say</msg>
<status status="PASS" starttime="20210913 15:58:28.262" endtime="20210913 15:58:28.262"/>
</kw>
<kw name="Log Many" library="BuiltIn">
<arg>Say1</arg>
<arg>Hello 2</arg>
<arg>Hie 3</arg>
<doc>Logs the given messages as separate entries using the INFO level.</doc>
<msg timestamp="20210913 15:58:28.262" level="INFO">Say1</msg>
<msg timestamp="20210913 15:58:28.262" level="INFO">Hello 2</msg>
<msg timestamp="20210913 15:58:28.262" level="INFO">Hie 3</msg>
<status status="PASS" starttime="20210913 15:58:28.262" endtime="20210913 15:58:28.262"/>
</kw>
<kw name="Log To Console" library="BuiltIn">
<arg>This can only be seen in the console, not the log!</arg>
<doc>Logs the given message to the console.</doc>
<status status="PASS" starttime="20210913 15:58:28.262" endtime="20210913 15:58:28.263"/>
</kw>
<kw name="Log Variables" library="BuiltIn">
<doc>Logs all variables in the current scope with given log level.</doc>
<msg timestamp="20210913 15:58:28.263" level="INFO">${/} = \</msg>
<msg timestamp="20210913 15:58:28.263" level="INFO">${:} = ;</msg>
<msg timestamp="20210913 15:58:28.263" level="INFO">${\n} = 
</msg>
<msg timestamp="20210913 15:58:28.263" level="INFO">${DEBUG_FILE} = NONE</msg>
<msg timestamp="20210913 15:58:28.263" level="INFO">${EXECDIR} = C:\Users\Swati\PycharmProjects\sample\libraries_Demo</msg>
<msg timestamp="20210913 15:58:28.263" level="INFO">${False} = False</msg>
<msg timestamp="20210913 15:58:28.263" level="INFO">${GLOBAL1} = I am global variable 1</msg>
<msg timestamp="20210913 15:58:28.263" level="INFO">${LOG_FILE} = C:\Users\Swati\PycharmProjects\sample\libraries_Demo\log.html</msg>
<msg timestamp="20210913 15:58:28.263" level="INFO">${LOG_LEVEL} = INFO</msg>
<msg timestamp="20210913 15:58:28.263" level="INFO">${None} = None</msg>
<msg timestamp="20210913 15:58:28.263" level="INFO">${null} = None</msg>
<msg timestamp="20210913 15:58:28.263" level="INFO">${OUTPUT_DIR} = C:\Users\Swati\PycharmProjects\sample\libraries_Demo</msg>
<msg timestamp="20210913 15:58:28.263" level="INFO">${OUTPUT_FILE} = C:\Users\Swati\PycharmProjects\sample\libraries_Demo\output.xml</msg>
<msg timestamp="20210913 15:58:28.263" level="INFO">${PREV_TEST_MESSAGE} = </msg>
<msg timestamp="20210913 15:58:28.264" level="INFO">${PREV_TEST_NAME} = Declare and set variables</msg>
<msg timestamp="20210913 15:58:28.264" level="INFO">${PREV_TEST_STATUS} = PASS</msg>
<msg timestamp="20210913 15:58:28.264" level="INFO">${REPORT_FILE} = C:\Users\Swati\PycharmProjects\sample\libraries_Demo\report.html</msg>
<msg timestamp="20210913 15:58:28.264" level="INFO">${SOME_GLOBAL_DATA} = This available everywhere</msg>
<msg timestamp="20210913 15:58:28.264" level="INFO">${some_suite_data} = This is available within all tests in this suite</msg>
<msg timestamp="20210913 15:58:28.264" level="INFO">${SPACE} =  </msg>
<msg timestamp="20210913 15:58:28.264" level="INFO">${SUITE_DOCUMENTATION} = Checking out the built-in library</msg>
<msg timestamp="20210913 15:58:28.264" level="INFO">&amp;{SUITE_METADATA} = { }</msg>
<msg timestamp="20210913 15:58:28.264" level="INFO">${SUITE_NAME} = Builtin</msg>
<msg timestamp="20210913 15:58:28.264" level="INFO">${SUITE_SOURCE} = C:\Users\Swati\PycharmProjects\sample\libraries_Demo\builtin.robot</msg>
<msg timestamp="20210913 15:58:28.264" level="INFO">${TEMPDIR} = C:\Users\Swati\AppData\Local\Temp</msg>
<msg timestamp="20210913 15:58:28.264" level="INFO">${TEST_DOCUMENTATION} = </msg>
<msg timestamp="20210913 15:58:28.264" level="INFO">${TEST_NAME} = Logging stuff</msg>
<msg timestamp="20210913 15:58:28.264" level="INFO">@{TEST_TAGS} = [ BuiltIn ]</msg>
<msg timestamp="20210913 15:58:28.264" level="INFO">${True} = True</msg>
<status status="PASS" starttime="20210913 15:58:28.263" endtime="20210913 15:58:28.264"/>
</kw>
<kw name="Log" library="BuiltIn">
<arg>${some_suite_data}</arg>
<doc>Logs the given message with the given level.</doc>
<msg timestamp="20210913 15:58:28.264" level="INFO">This is available within all tests in this suite</msg>
<status status="PASS" starttime="20210913 15:58:28.264" endtime="20210913 15:58:28.264"/>
</kw>
<kw name="Log" library="BuiltIn">
<arg>${GLOBAL1}</arg>
<doc>Logs the given message with the given level.</doc>
<msg timestamp="20210913 15:58:28.264" level="INFO">I am global variable 1</msg>
<status status="PASS" starttime="20210913 15:58:28.264" endtime="20210913 15:58:28.264"/>
</kw>
<kw name="Log" library="BuiltIn">
<arg>${SOME_GLOBAL_DATA}</arg>
<doc>Logs the given message with the given level.</doc>
<msg timestamp="20210913 15:58:28.265" level="INFO">This available everywhere</msg>
<status status="PASS" starttime="20210913 15:58:28.265" endtime="20210913 15:58:28.265"/>
</kw>
<tag>BuiltIn</tag>
<status status="PASS" starttime="20210913 15:58:28.260" endtime="20210913 15:58:28.265"/>
</test>
<test id="s1-t3" name="Ignore failures in this test">
<kw name="Open Browser" library="SeleniumLibrary">
<arg>http://www.amazon.com</arg>
<arg>chrome</arg>
<doc>Opens a new browser instance to the optional ``url``.</doc>
<msg timestamp="20210913 15:58:28.266" level="INFO">Opening browser 'chrome' to base url 'http://www.amazon.com'.</msg>
<status status="PASS" starttime="20210913 15:58:28.266" endtime="20210913 15:58:33.930"/>
</kw>
<kw name="Log" library="BuiltIn">
<arg>${some_suite_data}</arg>
<doc>Logs the given message with the given level.</doc>
<msg timestamp="20210913 15:58:33.932" level="INFO">This is available within all tests in this suite</msg>
<status status="PASS" starttime="20210913 15:58:33.931" endtime="20210913 15:58:33.932"/>
</kw>
<kw name="Log" library="BuiltIn">
<arg>${GLOBAL1}</arg>
<doc>Logs the given message with the given level.</doc>
<msg timestamp="20210913 15:58:33.934" level="INFO">I am global variable 1</msg>
<status status="PASS" starttime="20210913 15:58:33.933" endtime="20210913 15:58:33.934"/>
</kw>
<kw name="Log" library="BuiltIn">
<arg>${SOME_GLOBAL_DATA}</arg>
<doc>Logs the given message with the given level.</doc>
<msg timestamp="20210913 15:58:33.935" level="INFO">This available everywhere</msg>
<status status="PASS" starttime="20210913 15:58:33.935" endtime="20210913 15:58:33.936"/>
</kw>
<kw name="Close Browser" library="SeleniumLibrary">
<doc>Closes the current browser.</doc>
<status status="PASS" starttime="20210913 15:58:33.937" endtime="20210913 15:58:36.281"/>
</kw>
<tag>BuiltIn</tag>
<status status="PASS" starttime="20210913 15:58:28.265" endtime="20210913 15:58:36.282"/>
</test>
<test id="s1-t4" name="Repeat things">
<kw name="Repeat Keyword" library="BuiltIn">
<arg>3 Times</arg>
<arg>Say Something</arg>
<doc>Executes the specified keyword multiple times.</doc>
<msg timestamp="20210913 15:58:36.287" level="INFO">Repeating keyword, round 1/3.</msg>
<kw name="Say something">
<kw name="Log" library="BuiltIn">
<arg>Demo of Builtin Libraries...</arg>
<doc>Logs the given message with the given level.</doc>
<msg timestamp="20210913 15:58:36.288" level="INFO">Demo of Builtin Libraries...</msg>
<status status="PASS" starttime="20210913 15:58:36.288" endtime="20210913 15:58:36.288"/>
</kw>
<status status="PASS" starttime="20210913 15:58:36.287" endtime="20210913 15:58:36.289"/>
</kw>
<msg timestamp="20210913 15:58:36.289" level="INFO">Repeating keyword, round 2/3.</msg>
<kw name="Say something">
<kw name="Log" library="BuiltIn">
<arg>Demo of Builtin Libraries...</arg>
<doc>Logs the given message with the given level.</doc>
<msg timestamp="20210913 15:58:36.289" level="INFO">Demo of Builtin Libraries...</msg>
<status status="PASS" starttime="20210913 15:58:36.289" endtime="20210913 15:58:36.289"/>
</kw>
<status status="PASS" starttime="20210913 15:58:36.289" endtime="20210913 15:58:36.291"/>
</kw>
<msg timestamp="20210913 15:58:36.291" level="INFO">Repeating keyword, round 3/3.</msg>
<kw name="Say something">
<kw name="Log" library="BuiltIn">
<arg>Demo of Builtin Libraries...</arg>
<doc>Logs the given message with the given level.</doc>
<msg timestamp="20210913 15:58:36.292" level="INFO">Demo of Builtin Libraries...</msg>
<status status="PASS" starttime="20210913 15:58:36.291" endtime="20210913 15:58:36.292"/>
</kw>
<status status="PASS" starttime="20210913 15:58:36.291" endtime="20210913 15:58:36.292"/>
</kw>
<status status="PASS" starttime="20210913 15:58:36.286" endtime="20210913 15:58:36.292"/>
</kw>
<kw name="Log" library="BuiltIn">
<arg>${some_suite_data}</arg>
<doc>Logs the given message with the given level.</doc>
<msg timestamp="20210913 15:58:36.293" level="INFO">This is available within all tests in this suite</msg>
<status status="PASS" starttime="20210913 15:58:36.293" endtime="20210913 15:58:36.293"/>
</kw>
<kw name="Log" library="BuiltIn">
<arg>${GLOBAL1}</arg>
<doc>Logs the given message with the given level.</doc>
<msg timestamp="20210913 15:58:36.295" level="INFO">I am global variable 1</msg>
<status status="PASS" starttime="20210913 15:58:36.294" endtime="20210913 15:58:36.295"/>
</kw>
<kw name="Log" library="BuiltIn">
<arg>${SOME_GLOBAL_DATA}</arg>
<doc>Logs the given message with the given level.</doc>
<msg timestamp="20210913 15:58:36.296" level="INFO">This available everywhere</msg>
<status status="PASS" starttime="20210913 15:58:36.296" endtime="20210913 15:58:36.296"/>
</kw>
<status status="PASS" starttime="20210913 15:58:36.285" endtime="20210913 15:58:36.297"/>
</test>
<doc>Checking out the built-in library</doc>
<status status="PASS" starttime="20210913 15:58:28.073" endtime="20210913 15:58:36.300"/>
</suite>
<statistics>
<total>
<stat pass="4" fail="0" skip="0">All Tests</stat>
</total>
<tag>
<stat pass="2" fail="0" skip="0">BuiltIn</stat>
</tag>
<suite>
<stat pass="4" fail="0" skip="0" id="s1" name="Builtin">Builtin</stat>
</suite>
</statistics>
<errors>
</errors>
</robot>
