<?xml version="1.0" encoding="UTF-8"?>
<robot generator="Robot 4.1 (Python 3.8.5 on win32)" generated="20210913 16:42:42.099" rpa="false" schemaversion="2">
<suite id="s1" name="Dia" source="C:\Users\Swati\PycharmProjects\sample\libraries_Demo\Dialog\dia.robot">
<test id="s1-t1" name="Logged out user can search for products">
<kw name="Begin Web Test" library="Common" type="SETUP">
<kw name="Open Browser" library="SeleniumLibrary">
<arg>about:blank</arg>
<arg>${BROWSER}</arg>
<doc>Opens a new browser instance to the optional ``url``.</doc>
<msg timestamp="20210913 16:42:42.354" level="INFO">Opening browser 'chrome' to base url 'about:blank'.</msg>
<status status="PASS" starttime="20210913 16:42:42.353" endtime="20210913 16:42:45.104"/>
</kw>
<status status="PASS" starttime="20210913 16:42:42.353" endtime="20210913 16:42:45.104"/>
</kw>
<kw name="Get Selection From User" library="Dialogs">
<var>${new_browser}</var>
<arg>Which browser?</arg>
<arg>chrome</arg>
<arg>ie</arg>
<arg>firefox</arg>
<doc>Pauses test execution and asks user to select a value.</doc>
<msg timestamp="20210913 16:42:48.731" level="INFO">${new_browser} = chrome</msg>
<status status="PASS" starttime="20210913 16:42:45.105" endtime="20210913 16:42:48.732"/>
</kw>
<kw name="Set Global Variable" library="BuiltIn">
<arg>${BROWSER}</arg>
<arg>${new_browser}</arg>
<doc>Makes a variable available globally in all tests and suites.</doc>
<msg timestamp="20210913 16:42:48.746" level="INFO">${BROWSER} = chrome</msg>
<status status="PASS" starttime="20210913 16:42:48.745" endtime="20210913 16:42:48.746"/>
</kw>
<kw name="Search for Products" library="AmazonApp">
<kw name="Load" library="LandingPage">
<kw name="Go To" library="SeleniumLibrary">
<arg>${START_URL}</arg>
<doc>Navigates the current browser window to the provided ``url``.</doc>
<msg timestamp="20210913 16:42:48.757" level="INFO">Opening url 'https://www.amazon.com'</msg>
<status status="PASS" starttime="20210913 16:42:48.756" endtime="20210913 16:42:51.958"/>
</kw>
<status status="PASS" starttime="20210913 16:42:48.755" endtime="20210913 16:42:51.959"/>
</kw>
<status status="PASS" starttime="20210913 16:42:48.754" endtime="20210913 16:42:51.959"/>
</kw>
<kw name="End Web Test" library="Common" type="TEARDOWN">
<kw name="Close Browser" library="SeleniumLibrary">
<doc>Closes the current browser.</doc>
<status status="PASS" starttime="20210913 16:42:51.964" endtime="20210913 16:42:54.271"/>
</kw>
<status status="PASS" starttime="20210913 16:42:51.961" endtime="20210913 16:42:54.272"/>
</kw>
<tag>Web</tag>
<status status="PASS" starttime="20210913 16:42:42.352" endtime="20210913 16:42:54.272"/>
</test>
<test id="s1-t2" name="Logged out user can add product to cart">
<kw name="Begin Web Test" library="Common" type="SETUP">
<kw name="Open Browser" library="SeleniumLibrary">
<arg>about:blank</arg>
<arg>${BROWSER}</arg>
<doc>Opens a new browser instance to the optional ``url``.</doc>
<msg timestamp="20210913 16:42:54.275" level="INFO">Opening browser 'chrome' to base url 'about:blank'.</msg>
<status status="PASS" starttime="20210913 16:42:54.275" endtime="20210913 16:42:57.244"/>
</kw>
<status status="PASS" starttime="20210913 16:42:54.275" endtime="20210913 16:42:57.244"/>
</kw>
<kw name="Search for Products" library="AmazonApp">
<kw name="Load" library="LandingPage">
<kw name="Go To" library="SeleniumLibrary">
<arg>${START_URL}</arg>
<doc>Navigates the current browser window to the provided ``url``.</doc>
<msg timestamp="20210913 16:42:57.253" level="INFO">Opening url 'https://www.amazon.com'</msg>
<status status="PASS" starttime="20210913 16:42:57.252" endtime="20210913 16:43:00.988"/>
</kw>
<status status="PASS" starttime="20210913 16:42:57.249" endtime="20210913 16:43:00.989"/>
</kw>
<status status="PASS" starttime="20210913 16:42:57.247" endtime="20210913 16:43:00.989"/>
</kw>
<kw name="Execute Manual Step" library="Dialogs">
<arg>Do something manually!</arg>
<arg>It failed!</arg>
<doc>Pauses test execution until user sets the keyword status.</doc>
<status status="PASS" starttime="20210913 16:43:00.990" endtime="20210913 16:43:02.827"/>
</kw>
<kw name="End Web Test" library="Common" type="TEARDOWN">
<kw name="Close Browser" library="SeleniumLibrary">
<doc>Closes the current browser.</doc>
<status status="PASS" starttime="20210913 16:43:02.835" endtime="20210913 16:43:05.047"/>
</kw>
<status status="PASS" starttime="20210913 16:43:02.829" endtime="20210913 16:43:05.047"/>
</kw>
<tag>Web</tag>
<status status="PASS" starttime="20210913 16:42:54.274" endtime="20210913 16:43:05.048"/>
</test>
<doc>These are some web tests</doc>
<status status="PASS" starttime="20210913 16:42:42.104" endtime="20210913 16:43:05.051"/>
</suite>
<statistics>
<total>
<stat pass="2" fail="0" skip="0">All Tests</stat>
</total>
<tag>
<stat pass="2" fail="0" skip="0">Web</stat>
</tag>
<suite>
<stat pass="2" fail="0" skip="0" id="s1" name="Dia">Dia</stat>
</suite>
</statistics>
<errors>
<msg timestamp="20210913 16:42:42.343" level="ERROR">Error in file 'C:\Users\Swati\PycharmProjects\sample\libraries_Demo\Resources\Web\AmazonApp.robot' on line 4: Resource file 'PO\SearchResults.robot' does not exist.</msg>
<msg timestamp="20210913 16:42:42.346" level="ERROR">Error in file 'C:\Users\Swati\PycharmProjects\sample\libraries_Demo\Resources\Web\AmazonApp.robot' on line 5: Resource file 'PO\Product.robot' does not exist.</msg>
</errors>
</robot>
